{"I:\\Bachelors Study\\Fifth Semester\\Web APi Final Project\\task1-web-api-Satish2021N\\app.js": {"path":"I:\\Bachelors Study\\Fifth Semester\\Web APi Final Project\\task1-web-api-Satish2021N\\app.js","statementMap":{"0":{"start":{"line":1,"column":16},"end":{"line":1,"column":34}},"1":{"start":{"line":3,"column":0},"end":{"line":3,"column":27}},"2":{"start":{"line":6,"column":19},"end":{"line":6,"column":50}},"3":{"start":{"line":7,"column":23},"end":{"line":7,"column":57}},"4":{"start":{"line":8,"column":22},"end":{"line":8,"column":55}},"5":{"start":{"line":11,"column":12},"end":{"line":11,"column":21}},"6":{"start":{"line":14,"column":17},"end":{"line":14,"column":45}},"7":{"start":{"line":17,"column":0},"end":{"line":17,"column":24}},"8":{"start":{"line":19,"column":13},"end":{"line":19,"column":37}},"9":{"start":{"line":21,"column":0},"end":{"line":21,"column":34}},"10":{"start":{"line":22,"column":0},"end":{"line":22,"column":42}},"11":{"start":{"line":23,"column":0},"end":{"line":23,"column":40}},"12":{"start":{"line":24,"column":0},"end":{"line":26,"column":2}},"13":{"start":{"line":25,"column":4},"end":{"line":25,"column":27}},"14":{"start":{"line":27,"column":0},"end":{"line":27,"column":21}}},"fnMap":{"0":{"name":"(anonymous_0)","decl":{"start":{"line":24,"column":13},"end":{"line":24,"column":14}},"loc":{"start":{"line":24,"column":27},"end":{"line":26,"column":1}},"line":24}},"branchMap":{"0":{"loc":{"start":{"line":19,"column":13},"end":{"line":19,"column":37}},"type":"binary-expr","locations":[{"start":{"line":19,"column":13},"end":{"line":19,"column":29}},{"start":{"line":19,"column":33},"end":{"line":19,"column":37}}],"line":19}},"s":{"0":3,"1":3,"2":3,"3":3,"4":3,"5":3,"6":3,"7":3,"8":3,"9":3,"10":3,"11":3,"12":3,"13":1,"14":3},"f":{"0":1},"b":{"0":[3,3]},"_coverageSchema":"1a1c01bbd47fc00a2c39e90264f33305004495a9","hash":"1f019235e41bead249862e81935db136707ed625"}
,"I:\\Bachelors Study\\Fifth Semester\\Web APi Final Project\\task1-web-api-Satish2021N\\config\\dbConfig.js": {"path":"I:\\Bachelors Study\\Fifth Semester\\Web APi Final Project\\task1-web-api-Satish2021N\\config\\dbConfig.js","statementMap":{"0":{"start":{"line":2,"column":17},"end":{"line":2,"column":36}},"1":{"start":{"line":4,"column":0},"end":{"line":4,"column":40}},"2":{"start":{"line":7,"column":11},"end":{"line":7,"column":30}},"3":{"start":{"line":10,"column":0},"end":{"line":12,"column":3}},"4":{"start":{"line":11,"column":2},"end":{"line":11,"column":49}},"5":{"start":{"line":15,"column":0},"end":{"line":17,"column":2}},"6":{"start":{"line":16,"column":4},"end":{"line":16,"column":45}}},"fnMap":{"0":{"name":"(anonymous_0)","decl":{"start":{"line":10,"column":19},"end":{"line":10,"column":20}},"loc":{"start":{"line":10,"column":25},"end":{"line":12,"column":1}},"line":10},"1":{"name":"(anonymous_1)","decl":{"start":{"line":15,"column":15},"end":{"line":15,"column":16}},"loc":{"start":{"line":15,"column":19},"end":{"line":17,"column":1}},"line":15}},"branchMap":{},"s":{"0":3,"1":3,"2":3,"3":3,"4":2,"5":3,"6":0},"f":{"0":2,"1":0},"b":{},"_coverageSchema":"1a1c01bbd47fc00a2c39e90264f33305004495a9","hash":"b32a17a4991b528c0bd8749ba954742795607f5a"}
,"I:\\Bachelors Study\\Fifth Semester\\Web APi Final Project\\task1-web-api-Satish2021N\\middlewares\\authMiddleware.js": {"path":"I:\\Bachelors Study\\Fifth Semester\\Web APi Final Project\\task1-web-api-Satish2021N\\middlewares\\authMiddleware.js","statementMap":{"0":{"start":{"line":1,"column":12},"end":{"line":1,"column":35}},"1":{"start":{"line":2,"column":0},"end":{"line":22,"column":2}},"2":{"start":{"line":3,"column":2},"end":{"line":21,"column":3}},"3":{"start":{"line":5,"column":18},"end":{"line":5,"column":57}},"4":{"start":{"line":7,"column":4},"end":{"line":12,"column":5}},"5":{"start":{"line":8,"column":6},"end":{"line":11,"column":9}},"6":{"start":{"line":13,"column":20},"end":{"line":13,"column":61}},"7":{"start":{"line":14,"column":4},"end":{"line":14,"column":37}},"8":{"start":{"line":15,"column":4},"end":{"line":15,"column":11}},"9":{"start":{"line":17,"column":4},"end":{"line":20,"column":7}}},"fnMap":{"0":{"name":"(anonymous_0)","decl":{"start":{"line":2,"column":17},"end":{"line":2,"column":18}},"loc":{"start":{"line":2,"column":37},"end":{"line":22,"column":1}},"line":2}},"branchMap":{"0":{"loc":{"start":{"line":7,"column":4},"end":{"line":12,"column":5}},"type":"if","locations":[{"start":{"line":7,"column":4},"end":{"line":12,"column":5}},{"start":{},"end":{}}],"line":7}},"s":{"0":3,"1":3,"2":0,"3":0,"4":0,"5":0,"6":0,"7":0,"8":0,"9":0},"f":{"0":0},"b":{"0":[0,0]},"_coverageSchema":"1a1c01bbd47fc00a2c39e90264f33305004495a9","hash":"701a6f41791454793630a4258bfeab65e561e887"}
,"I:\\Bachelors Study\\Fifth Semester\\Web APi Final Project\\task1-web-api-Satish2021N\\models\\airplaneModel.js": {"path":"I:\\Bachelors Study\\Fifth Semester\\Web APi Final Project\\task1-web-api-Satish2021N\\models\\airplaneModel.js","statementMap":{"0":{"start":{"line":1,"column":17},"end":{"line":1,"column":36}},"1":{"start":{"line":2,"column":23},"end":{"line":51,"column":2}},"2":{"start":{"line":52,"column":0},"end":{"line":52,"column":60}}},"fnMap":{},"branchMap":{},"s":{"0":3,"1":3,"2":3},"f":{},"b":{},"_coverageSchema":"1a1c01bbd47fc00a2c39e90264f33305004495a9","hash":"33acb1d7e9b7ce83a599ece3f8cc9721bed697b8"}
,"I:\\Bachelors Study\\Fifth Semester\\Web APi Final Project\\task1-web-api-Satish2021N\\models\\bookingsModel.js": {"path":"I:\\Bachelors Study\\Fifth Semester\\Web APi Final Project\\task1-web-api-Satish2021N\\models\\bookingsModel.js","statementMap":{"0":{"start":{"line":1,"column":17},"end":{"line":1,"column":36}},"1":{"start":{"line":3,"column":22},"end":{"line":27,"column":1}},"2":{"start":{"line":29,"column":0},"end":{"line":29,"column":59}}},"fnMap":{},"branchMap":{},"s":{"0":3,"1":3,"2":3},"f":{},"b":{},"_coverageSchema":"1a1c01bbd47fc00a2c39e90264f33305004495a9","hash":"e73244e15151ac775a2ee5b3799b9e3599e09bf7"}
,"I:\\Bachelors Study\\Fifth Semester\\Web APi Final Project\\task1-web-api-Satish2021N\\models\\usersModel.js": {"path":"I:\\Bachelors Study\\Fifth Semester\\Web APi Final Project\\task1-web-api-Satish2021N\\models\\usersModel.js","statementMap":{"0":{"start":{"line":1,"column":17},"end":{"line":1,"column":36}},"1":{"start":{"line":2,"column":19},"end":{"line":24,"column":1}},"2":{"start":{"line":25,"column":0},"end":{"line":25,"column":53}}},"fnMap":{},"branchMap":{},"s":{"0":3,"1":3,"2":3},"f":{},"b":{},"_coverageSchema":"1a1c01bbd47fc00a2c39e90264f33305004495a9","hash":"18bea6fd000e3ac269c96c50bc5d48d12336b018"}
,"I:\\Bachelors Study\\Fifth Semester\\Web APi Final Project\\task1-web-api-Satish2021N\\routes\\airplanesRoute.js": {"path":"I:\\Bachelors Study\\Fifth Semester\\Web APi Final Project\\task1-web-api-Satish2021N\\routes\\airplanesRoute.js","statementMap":{"0":{"start":{"line":1,"column":15},"end":{"line":1,"column":42}},"1":{"start":{"line":2,"column":17},"end":{"line":2,"column":51}},"2":{"start":{"line":3,"column":23},"end":{"line":3,"column":63}},"3":{"start":{"line":5,"column":0},"end":{"line":25,"column":3}},"4":{"start":{"line":6,"column":2},"end":{"line":24,"column":3}},"5":{"start":{"line":7,"column":29},"end":{"line":9,"column":6}},"6":{"start":{"line":10,"column":4},"end":{"line":15,"column":5}},"7":{"start":{"line":11,"column":6},"end":{"line":14,"column":9}},"8":{"start":{"line":16,"column":24},"end":{"line":16,"column":46}},"9":{"start":{"line":17,"column":4},"end":{"line":17,"column":29}},"10":{"start":{"line":18,"column":4},"end":{"line":21,"column":7}},"11":{"start":{"line":23,"column":4},"end":{"line":23,"column":69}},"12":{"start":{"line":28,"column":0},"end":{"line":38,"column":3}},"13":{"start":{"line":29,"column":2},"end":{"line":37,"column":3}},"14":{"start":{"line":30,"column":4},"end":{"line":30,"column":61}},"15":{"start":{"line":31,"column":4},"end":{"line":34,"column":7}},"16":{"start":{"line":36,"column":4},"end":{"line":36,"column":69}},"17":{"start":{"line":40,"column":0},"end":{"line":50,"column":3}},"18":{"start":{"line":41,"column":2},"end":{"line":49,"column":3}},"19":{"start":{"line":42,"column":4},"end":{"line":42,"column":51}},"20":{"start":{"line":43,"column":4},"end":{"line":46,"column":7}},"21":{"start":{"line":48,"column":4},"end":{"line":48,"column":69}},"22":{"start":{"line":53,"column":0},"end":{"line":65,"column":3}},"23":{"start":{"line":54,"column":2},"end":{"line":64,"column":3}},"24":{"start":{"line":55,"column":22},"end":{"line":55,"column":43}},"25":{"start":{"line":56,"column":4},"end":{"line":61,"column":7}},"26":{"start":{"line":63,"column":4},"end":{"line":63,"column":69}},"27":{"start":{"line":68,"column":0},"end":{"line":79,"column":3}},"28":{"start":{"line":69,"column":2},"end":{"line":78,"column":3}},"29":{"start":{"line":70,"column":21},"end":{"line":70,"column":58}},"30":{"start":{"line":71,"column":4},"end":{"line":75,"column":7}},"31":{"start":{"line":77,"column":4},"end":{"line":77,"column":69}},"32":{"start":{"line":81,"column":0},"end":{"line":81,"column":24}}},"fnMap":{"0":{"name":"(anonymous_0)","decl":{"start":{"line":5,"column":29},"end":{"line":5,"column":30}},"loc":{"start":{"line":5,"column":49},"end":{"line":25,"column":1}},"line":5},"1":{"name":"(anonymous_1)","decl":{"start":{"line":28,"column":32},"end":{"line":28,"column":33}},"loc":{"start":{"line":28,"column":52},"end":{"line":38,"column":1}},"line":28},"2":{"name":"(anonymous_2)","decl":{"start":{"line":40,"column":32},"end":{"line":40,"column":33}},"loc":{"start":{"line":40,"column":52},"end":{"line":50,"column":1}},"line":40},"3":{"name":"(anonymous_3)","decl":{"start":{"line":53,"column":34},"end":{"line":53,"column":35}},"loc":{"start":{"line":53,"column":54},"end":{"line":65,"column":1}},"line":53},"4":{"name":"(anonymous_4)","decl":{"start":{"line":68,"column":35},"end":{"line":68,"column":36}},"loc":{"start":{"line":68,"column":55},"end":{"line":79,"column":1}},"line":68}},"branchMap":{"0":{"loc":{"start":{"line":10,"column":4},"end":{"line":15,"column":5}},"type":"if","locations":[{"start":{"line":10,"column":4},"end":{"line":15,"column":5}},{"start":{},"end":{}}],"line":10}},"s":{"0":3,"1":3,"2":3,"3":3,"4":0,"5":0,"6":0,"7":0,"8":0,"9":0,"10":0,"11":0,"12":3,"13":0,"14":0,"15":0,"16":0,"17":3,"18":0,"19":0,"20":0,"21":0,"22":3,"23":0,"24":0,"25":0,"26":0,"27":3,"28":0,"29":0,"30":0,"31":0,"32":3},"f":{"0":0,"1":0,"2":0,"3":0,"4":0},"b":{"0":[0,0]},"_coverageSchema":"1a1c01bbd47fc00a2c39e90264f33305004495a9","hash":"b86165be77b8042b6a99c618b5e3be68ddba9d6b"}
,"I:\\Bachelors Study\\Fifth Semester\\Web APi Final Project\\task1-web-api-Satish2021N\\routes\\bookingsRoute.js": {"path":"I:\\Bachelors Study\\Fifth Semester\\Web APi Final Project\\task1-web-api-Satish2021N\\routes\\bookingsRoute.js","statementMap":{"0":{"start":{"line":1,"column":15},"end":{"line":1,"column":42}},"1":{"start":{"line":2,"column":23},"end":{"line":2,"column":63}},"2":{"start":{"line":3,"column":16},"end":{"line":3,"column":50}},"3":{"start":{"line":4,"column":17},"end":{"line":4,"column":51}},"4":{"start":{"line":5,"column":15},"end":{"line":5,"column":56}},"5":{"start":{"line":6,"column":23},"end":{"line":6,"column":38}},"6":{"start":{"line":10,"column":0},"end":{"line":32,"column":3}},"7":{"start":{"line":11,"column":2},"end":{"line":31,"column":3}},"8":{"start":{"line":12,"column":23},"end":{"line":15,"column":6}},"9":{"start":{"line":16,"column":4},"end":{"line":16,"column":28}},"10":{"start":{"line":17,"column":21},"end":{"line":17,"column":63}},"11":{"start":{"line":18,"column":4},"end":{"line":18,"column":72}},"12":{"start":{"line":19,"column":4},"end":{"line":19,"column":26}},"13":{"start":{"line":20,"column":4},"end":{"line":24,"column":7}},"14":{"start":{"line":26,"column":4},"end":{"line":30,"column":7}},"15":{"start":{"line":34,"column":0},"end":{"line":60,"column":3}},"16":{"start":{"line":35,"column":2},"end":{"line":35,"column":32}},"17":{"start":{"line":36,"column":2},"end":{"line":59,"column":3}},"18":{"start":{"line":37,"column":4},"end":{"line":37,"column":26}},"19":{"start":{"line":38,"column":54},"end":{"line":38,"column":62}},"20":{"start":{"line":39,"column":23},"end":{"line":44,"column":6}},"21":{"start":{"line":45,"column":4},"end":{"line":45,"column":28}},"22":{"start":{"line":46,"column":4},"end":{"line":46,"column":30}},"23":{"start":{"line":47,"column":4},"end":{"line":47,"column":26}},"24":{"start":{"line":48,"column":4},"end":{"line":52,"column":7}},"25":{"start":{"line":54,"column":4},"end":{"line":58,"column":7}},"26":{"start":{"line":64,"column":0},"end":{"line":106,"column":3}},"27":{"start":{"line":65,"column":2},"end":{"line":105,"column":3}},"28":{"start":{"line":66,"column":30},"end":{"line":66,"column":38}},"29":{"start":{"line":67,"column":21},"end":{"line":70,"column":6}},"30":{"start":{"line":71,"column":20},"end":{"line":81,"column":5}},"31":{"start":{"line":83,"column":4},"end":{"line":97,"column":5}},"32":{"start":{"line":84,"column":6},"end":{"line":90,"column":9}},"33":{"start":{"line":92,"column":6},"end":{"line":96,"column":9}},"34":{"start":{"line":99,"column":4},"end":{"line":99,"column":23}},"35":{"start":{"line":100,"column":4},"end":{"line":104,"column":7}},"36":{"start":{"line":109,"column":0},"end":{"line":126,"column":3}},"37":{"start":{"line":110,"column":2},"end":{"line":125,"column":3}},"38":{"start":{"line":111,"column":21},"end":{"line":113,"column":23}},"39":{"start":{"line":114,"column":4},"end":{"line":118,"column":7}},"40":{"start":{"line":120,"column":4},"end":{"line":124,"column":7}},"41":{"start":{"line":146,"column":0},"end":{"line":146,"column":24}}},"fnMap":{"0":{"name":"(anonymous_0)","decl":{"start":{"line":10,"column":26},"end":{"line":10,"column":27}},"loc":{"start":{"line":10,"column":46},"end":{"line":32,"column":1}},"line":10},"1":{"name":"(anonymous_1)","decl":{"start":{"line":34,"column":28},"end":{"line":34,"column":29}},"loc":{"start":{"line":34,"column":48},"end":{"line":60,"column":1}},"line":34},"2":{"name":"(anonymous_2)","decl":{"start":{"line":64,"column":29},"end":{"line":64,"column":30}},"loc":{"start":{"line":64,"column":49},"end":{"line":106,"column":1}},"line":64},"3":{"name":"(anonymous_3)","decl":{"start":{"line":109,"column":40},"end":{"line":109,"column":41}},"loc":{"start":{"line":109,"column":60},"end":{"line":126,"column":1}},"line":109}},"branchMap":{"0":{"loc":{"start":{"line":83,"column":4},"end":{"line":97,"column":5}},"type":"if","locations":[{"start":{"line":83,"column":4},"end":{"line":97,"column":5}},{"start":{"line":91,"column":11},"end":{"line":97,"column":5}}],"line":83}},"s":{"0":3,"1":3,"2":3,"3":3,"4":3,"5":3,"6":3,"7":0,"8":0,"9":0,"10":0,"11":0,"12":0,"13":0,"14":0,"15":3,"16":0,"17":0,"18":0,"19":0,"20":0,"21":0,"22":0,"23":0,"24":0,"25":0,"26":3,"27":0,"28":0,"29":0,"30":0,"31":0,"32":0,"33":0,"34":0,"35":0,"36":3,"37":0,"38":0,"39":0,"40":0,"41":3},"f":{"0":0,"1":0,"2":0,"3":0},"b":{"0":[0,0]},"_coverageSchema":"1a1c01bbd47fc00a2c39e90264f33305004495a9","hash":"7e5b6f0d556977dd495d4295a49c935a6987af03"}
,"I:\\Bachelors Study\\Fifth Semester\\Web APi Final Project\\task1-web-api-Satish2021N\\routes\\usersRoutes.js": {"path":"I:\\Bachelors Study\\Fifth Semester\\Web APi Final Project\\task1-web-api-Satish2021N\\routes\\usersRoutes.js","statementMap":{"0":{"start":{"line":1,"column":15},"end":{"line":1,"column":42}},"1":{"start":{"line":2,"column":13},"end":{"line":2,"column":44}},"2":{"start":{"line":3,"column":15},"end":{"line":3,"column":34}},"3":{"start":{"line":4,"column":12},"end":{"line":4,"column":35}},"4":{"start":{"line":5,"column":23},"end":{"line":5,"column":63}},"5":{"start":{"line":6,"column":21},"end":{"line":6,"column":39}},"6":{"start":{"line":7,"column":18},"end":{"line":7,"column":35}},"7":{"start":{"line":10,"column":0},"end":{"line":41,"column":3}},"8":{"start":{"line":11,"column":2},"end":{"line":11,"column":39}},"9":{"start":{"line":12,"column":2},"end":{"line":40,"column":3}},"10":{"start":{"line":15,"column":25},"end":{"line":15,"column":70}},"11":{"start":{"line":16,"column":4},"end":{"line":22,"column":5}},"12":{"start":{"line":17,"column":6},"end":{"line":21,"column":9}},"13":{"start":{"line":24,"column":27},"end":{"line":24,"column":67}},"14":{"start":{"line":25,"column":4},"end":{"line":25,"column":39}},"15":{"start":{"line":26,"column":20},"end":{"line":26,"column":38}},"16":{"start":{"line":27,"column":4},"end":{"line":27,"column":24}},"17":{"start":{"line":28,"column":4},"end":{"line":28,"column":25}},"18":{"start":{"line":29,"column":4},"end":{"line":33,"column":7}},"19":{"start":{"line":35,"column":4},"end":{"line":39,"column":7}},"20":{"start":{"line":42,"column":0},"end":{"line":81,"column":3}},"21":{"start":{"line":43,"column":2},"end":{"line":43,"column":27}},"22":{"start":{"line":44,"column":2},"end":{"line":80,"column":3}},"23":{"start":{"line":45,"column":23},"end":{"line":45,"column":68}},"24":{"start":{"line":46,"column":4},"end":{"line":46,"column":28}},"25":{"start":{"line":47,"column":4},"end":{"line":53,"column":5}},"26":{"start":{"line":48,"column":6},"end":{"line":52,"column":9}},"27":{"start":{"line":54,"column":26},"end":{"line":57,"column":5}},"28":{"start":{"line":58,"column":4},"end":{"line":64,"column":5}},"29":{"start":{"line":59,"column":6},"end":{"line":63,"column":9}},"30":{"start":{"line":65,"column":18},"end":{"line":67,"column":6}},"31":{"start":{"line":68,"column":4},"end":{"line":72,"column":7}},"32":{"start":{"line":74,"column":4},"end":{"line":78,"column":7}},"33":{"start":{"line":82,"column":0},"end":{"line":97,"column":3}},"34":{"start":{"line":83,"column":2},"end":{"line":96,"column":3}},"35":{"start":{"line":84,"column":17},"end":{"line":84,"column":53}},"36":{"start":{"line":85,"column":4},"end":{"line":89,"column":7}},"37":{"start":{"line":91,"column":4},"end":{"line":95,"column":7}},"38":{"start":{"line":98,"column":0},"end":{"line":98,"column":24}}},"fnMap":{"0":{"name":"(anonymous_0)","decl":{"start":{"line":10,"column":25},"end":{"line":10,"column":26}},"loc":{"start":{"line":10,"column":45},"end":{"line":41,"column":1}},"line":10},"1":{"name":"(anonymous_1)","decl":{"start":{"line":42,"column":22},"end":{"line":42,"column":23}},"loc":{"start":{"line":42,"column":42},"end":{"line":81,"column":1}},"line":42},"2":{"name":"(anonymous_2)","decl":{"start":{"line":82,"column":47},"end":{"line":82,"column":48}},"loc":{"start":{"line":82,"column":67},"end":{"line":97,"column":1}},"line":82}},"branchMap":{"0":{"loc":{"start":{"line":16,"column":4},"end":{"line":22,"column":5}},"type":"if","locations":[{"start":{"line":16,"column":4},"end":{"line":22,"column":5}},{"start":{},"end":{}}],"line":16},"1":{"loc":{"start":{"line":47,"column":4},"end":{"line":53,"column":5}},"type":"if","locations":[{"start":{"line":47,"column":4},"end":{"line":53,"column":5}},{"start":{},"end":{}}],"line":47},"2":{"loc":{"start":{"line":58,"column":4},"end":{"line":64,"column":5}},"type":"if","locations":[{"start":{"line":58,"column":4},"end":{"line":64,"column":5}},{"start":{},"end":{}}],"line":58}},"s":{"0":3,"1":3,"2":3,"3":3,"4":3,"5":3,"6":3,"7":3,"8":2,"9":2,"10":2,"11":2,"12":0,"13":2,"14":2,"15":2,"16":2,"17":2,"18":2,"19":0,"20":3,"21":3,"22":3,"23":3,"24":3,"25":3,"26":2,"27":1,"28":1,"29":0,"30":1,"31":1,"32":0,"33":3,"34":0,"35":0,"36":0,"37":0,"38":3},"f":{"0":2,"1":3,"2":0},"b":{"0":[0,2],"1":[2,1],"2":[0,1]},"_coverageSchema":"1a1c01bbd47fc00a2c39e90264f33305004495a9","hash":"4d174ef748a636cce20a7fd0b5b2cf88fe194616"}
}
