TN:
SF:app.js
FN:24,(anonymous_0)
FNF:1
FNH:1
FNDA:1,(anonymous_0)
DA:1,3
DA:3,3
DA:6,3
DA:7,3
DA:8,3
DA:11,3
DA:14,3
DA:17,3
DA:19,3
DA:21,3
DA:22,3
DA:23,3
DA:24,3
DA:25,1
DA:27,3
LF:15
LH:15
BRDA:19,0,0,3
BRDA:19,0,1,3
BRF:2
BRH:2
end_of_record
TN:
SF:config\dbConfig.js
FN:10,(anonymous_0)
FN:15,(anonymous_1)
FNF:2
FNH:1
FNDA:2,(anonymous_0)
FNDA:0,(anonymous_1)
DA:2,3
DA:4,3
DA:7,3
DA:10,3
DA:11,2
DA:15,3
DA:16,0
LF:7
LH:6
BRF:0
BRH:0
end_of_record
TN:
SF:middlewares\authMiddleware.js
FN:2,(anonymous_0)
FNF:1
FNH:0
FNDA:0,(anonymous_0)
DA:1,3
DA:2,3
DA:3,0
DA:5,0
DA:7,0
DA:8,0
DA:13,0
DA:14,0
DA:15,0
DA:17,0
LF:10
LH:2
BRDA:7,0,0,0
BRDA:7,0,1,0
BRF:2
BRH:0
end_of_record
TN:
SF:models\airplaneModel.js
FNF:0
FNH:0
DA:1,3
DA:2,3
DA:52,3
LF:3
LH:3
BRF:0
BRH:0
end_of_record
TN:
SF:models\bookingsModel.js
FNF:0
FNH:0
DA:1,3
DA:3,3
DA:29,3
LF:3
LH:3
BRF:0
BRH:0
end_of_record
TN:
SF:models\usersModel.js
FNF:0
FNH:0
DA:1,3
DA:2,3
DA:25,3
LF:3
LH:3
BRF:0
BRH:0
end_of_record
TN:
SF:routes\airplanesRoute.js
FN:5,(anonymous_0)
FN:28,(anonymous_1)
FN:40,(anonymous_2)
FN:53,(anonymous_3)
FN:68,(anonymous_4)
FNF:5
FNH:0
FNDA:0,(anonymous_0)
FNDA:0,(anonymous_1)
FNDA:0,(anonymous_2)
FNDA:0,(anonymous_3)
FNDA:0,(anonymous_4)
DA:1,3
DA:2,3
DA:3,3
DA:5,3
DA:6,0
DA:7,0
DA:10,0
DA:11,0
DA:16,0
DA:17,0
DA:18,0
DA:23,0
DA:28,3
DA:29,0
DA:30,0
DA:31,0
DA:36,0
DA:40,3
DA:41,0
DA:42,0
DA:43,0
DA:48,0
DA:53,3
DA:54,0
DA:55,0
DA:56,0
DA:63,0
DA:68,3
DA:69,0
DA:70,0
DA:71,0
DA:77,0
DA:81,3
LF:33
LH:9
BRDA:10,0,0,0
BRDA:10,0,1,0
BRF:2
BRH:0
end_of_record
TN:
SF:routes\bookingsRoute.js
FN:10,(anonymous_0)
FN:34,(anonymous_1)
FN:64,(anonymous_2)
FN:109,(anonymous_3)
FNF:4
FNH:0
FNDA:0,(anonymous_0)
FNDA:0,(anonymous_1)
FNDA:0,(anonymous_2)
FNDA:0,(anonymous_3)
DA:1,3
DA:2,3
DA:3,3
DA:4,3
DA:5,3
DA:6,3
DA:10,3
DA:11,0
DA:12,0
DA:16,0
DA:17,0
DA:18,0
DA:19,0
DA:20,0
DA:26,0
DA:34,3
DA:35,0
DA:36,0
DA:37,0
DA:38,0
DA:39,0
DA:45,0
DA:46,0
DA:47,0
DA:48,0
DA:54,0
DA:64,3
DA:65,0
DA:66,0
DA:67,0
DA:71,0
DA:83,0
DA:84,0
DA:92,0
DA:99,0
DA:100,0
DA:109,3
DA:110,0
DA:111,0
DA:114,0
DA:120,0
DA:146,3
LF:42
LH:11
BRDA:83,0,0,0
BRDA:83,0,1,0
BRF:2
BRH:0
end_of_record
TN:
SF:routes\usersRoutes.js
FN:10,(anonymous_0)
FN:42,(anonymous_1)
FN:82,(anonymous_2)
FNF:3
FNH:2
FNDA:2,(anonymous_0)
FNDA:3,(anonymous_1)
FNDA:0,(anonymous_2)
DA:1,3
DA:2,3
DA:3,3
DA:4,3
DA:5,3
DA:6,3
DA:7,3
DA:10,3
DA:11,2
DA:12,2
DA:15,2
DA:16,2
DA:17,0
DA:24,2
DA:25,2
DA:26,2
DA:27,2
DA:28,2
DA:29,2
DA:35,0
DA:42,3
DA:43,3
DA:44,3
DA:45,3
DA:46,3
DA:47,3
DA:48,2
DA:54,1
DA:58,1
DA:59,0
DA:65,1
DA:68,1
DA:74,0
DA:82,3
DA:83,0
DA:84,0
DA:85,0
DA:91,0
DA:98,3
LF:39
LH:31
BRDA:16,0,0,0
BRDA:16,0,1,2
BRDA:47,1,0,2
BRDA:47,1,1,1
BRDA:58,2,0,0
BRDA:58,2,1,1
BRF:6
BRH:4
end_of_record
